my1715
*   2316ade 9th
|\  
| *   f38e88d 7th
| |\  
| | * 5b5b743 3st
* | |   b7cdc3f Merge branch 'mid' into lowerpath
|\ \ \  
| |/ /  
| * |   dd8b398 6th
| |\ \  
| | |/  
| |/|   
| * | 6915680 2st
* | | dbc0610 5st
| |/  
|/|   
* | 3e0aada 4st
|/  
* a522c3d 1st
yt1352
*   53b4b25 final merge
|\  
| *   0ecc1fe 2nd merge
| |\  
| * | 3138027 1st on slave_c
* | |   e427ff1 3rd merge
|\ \ \  
| | |/  
| |/|   
| * |   c74d599 1st merge
| |\ \  
| | |/  
| |/|   
| * | 4f1665c 2nd on master
* | | e316271 1st on slave_b
| |/  
|/|   
* | 9e98a5a 1st on slave_a
|/  
* 8491c40 1st commit on master